<?xml version="1.0" encoding="utf-8"?><testsuites name="pytest tests"><testsuite name="pytest" errors="0" failures="0" skipped="0" tests="8" time="1.865" timestamp="2026-07-02T00:40:26.288106+00:00" hostname="agent-env-996eca10-0799-49d8-93df-4e406acc0149"><testcase classname="tests.backend_test" name="test_trailers_list_returns_three" time="0.253" /><testcase classname="tests.backend_test" name="test_trailer_detail_hungry_trailer" time="0.059" /><testcase classname="tests.backend_test" name="test_trailer_detail_not_found" time="0.049" /><testcase classname="tests.backend_test" name="test_availability_returns_shape" time="0.058" /><testcase classname="tests.backend_test" name="test_booking_create_success" time="0.062" /><testcase classname="tests.backend_test" name="test_booking_invalid_trailer_returns_400" time="0.047" /><testcase classname="tests.backend_test" name="test_double_booking_returns_409_and_availability_updates" time="0.172" /><testcase classname="tests.backend_test" name="test_booking_missing_required_field_returns_422" time="0.052" /></testsuite></testsuites>